OsalSetCoredump..........
OsalTraceStart..........
Trace started!
OsalShellInit..........
[2017-09-15 17:58:07:702] OsalShellInit:: Load shell: ip=0 port=10131 ..........
[2017-09-15 17:58:07:704] GslbInit:: Booting GSLB server ........
[2017-09-15 17:58:07:704] GslbInit:: StartSigMonitor ........
[2017-09-15 17:58:07:704] GslbInit:: Create SysModCB ........
[2017-09-15 17:58:07:704] GslbInit:: GslbCfgInfoGet ........

[2017-09-15 17:58:07:704] GslbCfgInfoGet ERROR!!
no config file:/usr/local/sunlight/conf/cdn/gslb_config.ini


[2017-09-15 17:58:07:704] GslbInit ERROR!!
fail to run GslbCfgInfoGet.


[2017-09-15 17:58:07:704] main ERROR!!
GslbInit failed!!!!!!!!!!!

OsalSetCoredump..........
OsalTraceStart..........
Trace started!
OsalShellInit..........
[2017-09-15 17:59:08:735] OsalShellInit:: Load shell: ip=0 port=10131 ..........
[2017-09-15 17:59:08:738] GslbInit:: Booting GSLB server ........
[2017-09-15 17:59:08:738] GslbInit:: StartSigMonitor ........
[2017-09-15 17:59:08:738] GslbInit:: Create SysModCB ........
[2017-09-15 17:59:08:738] GslbInit:: GslbCfgInfoGet ........

[2017-09-15 17:59:08:738] GslbCfgInfoGet ERROR!!
no config file:/usr/local/sunlight/conf/cdn/gslb_config.ini


[2017-09-15 17:59:08:738] GslbInit ERROR!!
fail to run GslbCfgInfoGet.


[2017-09-15 17:59:08:738] main ERROR!!
GslbInit failed!!!!!!!!!!!

OsalSetCoredump..........
OsalTraceStart..........
Trace started!
OsalShellInit..........
[2017-10-11 23:31:17:779] OsalShellInit:: Load shell: ip=0 port=10131 ..........
[2017-10-11 23:31:17:781] GslbInit:: Booting GSLB server ........
[2017-10-11 23:31:17:781] GslbInit:: StartSigMonitor ........
[2017-10-11 23:31:17:781] GslbInit:: Create SysModCB ........
[2017-10-11 23:31:17:781] GslbInit:: GslbCfgInfoGet ........

[2017-10-11 23:31:17:781] GslbCfgInfoGet ERROR!!
no config file:/usr/local/sunlight/conf/cdn/gslb_config.ini


[2017-10-11 23:31:17:781] GslbInit ERROR!!
fail to run GslbCfgInfoGet.


[2017-10-11 23:31:17:781] main ERROR!!
GslbInit failed!!!!!!!!!!!

OsalSetCoredump..........
OsalTraceStart..........
Trace started!
OsalShellInit..........
[2017-10-11 23:32:18:816] OsalShellInit:: Load shell: ip=0 port=10131 ..........
[2017-10-11 23:32:18:819] GslbInit:: Booting GSLB server ........
[2017-10-11 23:32:18:819] GslbInit:: StartSigMonitor ........
[2017-10-11 23:32:18:819] GslbInit:: Create SysModCB ........
[2017-10-11 23:32:18:819] GslbInit:: GslbCfgInfoGet ........

[2017-10-11 23:32:18:819] GslbCfgInfoGet ERROR!!
no config file:/usr/local/sunlight/conf/cdn/gslb_config.ini


[2017-10-11 23:32:18:819] GslbInit ERROR!!
fail to run GslbCfgInfoGet.


[2017-10-11 23:32:18:819] main ERROR!!
GslbInit failed!!!!!!!!!!!

OsalSetCoredump..........
OsalTraceStart..........
Trace started!
OsalShellInit..........
[2017-10-11 23:33:19:898] OsalShellInit:: Load shell: ip=0 port=10131 ..........
[2017-10-11 23:33:19:901] GslbInit:: Booting GSLB server ........
[2017-10-11 23:33:19:901] GslbInit:: StartSigMonitor ........
[2017-10-11 23:33:19:901] GslbInit:: Create SysModCB ........
[2017-10-11 23:33:19:901] GslbInit:: GslbCfgInfoGet ........

[2017-10-11 23:33:19:901] GslbCfgInfoGet ERROR!!
no config file:/usr/local/sunlight/conf/cdn/gslb_config.ini


[2017-10-11 23:33:19:901] GslbInit ERROR!!
fail to run GslbCfgInfoGet.


[2017-10-11 23:33:19:901] main ERROR!!
GslbInit failed!!!!!!!!!!!

OsalSetCoredump..........
OsalTraceStart..........
Trace started!
OsalShellInit..........
[2017-10-11 23:34:20:914] OsalShellInit:: Load shell: ip=0 port=10131 ..........
[2017-10-11 23:34:20:918] GslbInit:: Booting GSLB server ........
[2017-10-11 23:34:20:918] GslbInit:: StartSigMonitor ........
[2017-10-11 23:34:20:918] GslbInit:: Create SysModCB ........
[2017-10-11 23:34:20:918] GslbInit:: GslbCfgInfoGet ........

[2017-10-11 23:34:20:918] GslbCfgInfoGet ERROR!!
no config file:/usr/local/sunlight/conf/cdn/gslb_config.ini


[2017-10-11 23:34:20:918] GslbInit ERROR!!
fail to run GslbCfgInfoGet.


[2017-10-11 23:34:20:918] main ERROR!!
GslbInit failed!!!!!!!!!!!

OsalSetCoredump..........
OsalTraceStart..........
Trace started!
OsalShellInit..........
[2017-10-11 23:35:21:951] OsalShellInit:: Load shell: ip=0 port=10131 ..........
[2017-10-11 23:35:21:956] GslbInit:: Booting GSLB server ........
[2017-10-11 23:35:21:956] GslbInit:: StartSigMonitor ........
[2017-10-11 23:35:21:956] GslbInit:: Create SysModCB ........
[2017-10-11 23:35:21:956] GslbInit:: GslbCfgInfoGet ........

[2017-10-11 23:35:21:957] GslbCfgInfoGet ERROR!!
no config file:/usr/local/sunlight/conf/cdn/gslb_config.ini


[2017-10-11 23:35:21:957] GslbInit ERROR!!
fail to run GslbCfgInfoGet.


[2017-10-11 23:35:21:957] main ERROR!!
GslbInit failed!!!!!!!!!!!

