Begin To Install Weed ......
Check sunlight:sunlight
Begin To Install Weed ......
Check sunlight:sunlight
Begin To Install Weed ......
Check sunlight:sunlight
Begin To Install Weed ......
Check sunlight:sunlight
Begin To Install Weed ......
Check sunlight:sunlight
Begin To Install Weed ......
Check sunlight:sunlight
Begin To Install Weed ......
Check sunlight:sunlight
Begin To Install Weed ......
Check sunlight:sunlight
Begin To Install Weed ......
Check sunlight:sunlight
Begin To Install Weed ......
Check sunlight:sunlight
Check Directory /usr/local/sunlight ......
Check Directory /var/www/weedfs And Permissions ......
Check Directory /var/log/sweed And Permissions ......
cp /usr/local/sunlight/weed exec file ......
get server_ip :
get init_weed_str : nohup /usr/local/sunlight/weed -log_dir=/var/log/sweed/ server -ip -master.port=9333 -master.defaultReplicaPlacement=001 -dir=/var/www/weedfs -volume.port=8180 -volume.max=10 -master.peers=
Check File /usr/local/sunlight/proc_list
get weed_smon_init_str : root /usr/local/sunlight/weed /usr/local/sunlight/weed -log_dir=/var/log/sweed/ server -ip -master.port=9333 -master.defaultReplicaPlacement=001 -dir=/var/www/weedfs -volume.port=8180 -volume.max=10 -master.peers=
Restarted Smon ......
OK! Seaweedfs Is Running

Begin To Install Weed ......
Check sunlight:sunlight
Check Directory /usr/local/sunlight ......
Check Directory /var/www/weedfs And Permissions ......
Check Directory /var/log/sweed And Permissions ......
cp /usr/local/sunlight/weed exec file ......
Begin To Install Weed ......
Check sunlight:sunlight
Check Directory /usr/local/sunlight ......
Check Directory /var/www/weedfs And Permissions ......
Check Directory /var/log/sweed And Permissions ......
cp /usr/local/sunlight/weed exec file ......
Begin To Install Weed ......
Check sunlight:sunlight
Check Directory /usr/local/sunlight ......
Check Directory /var/www/weedfs And Permissions ......
Check Directory /var/log/sweed And Permissions ......
cp /usr/local/sunlight/weed exec file ......
get server_ip : 192.168.88.105
get init_weed_str : nohup /usr/local/sunlight/weed -log_dir=/var/log/sweed/ server -ip 192.168.88.105 -master.port=9333 -master.defaultReplicaPlacement=001 -dir=/var/www/weedfs -volume.port=8180 -volume.max=10 -master.peers=192.168.88.100:9333,192.168.88.101:9333
Check File /usr/local/sunlight/proc_list
Restarted Smon ......
OK! Seaweedfs Is Running

Begin To Install Weed ......
Check sunlight:sunlight
Check Directory /usr/local/sunlight ......
Check Directory /var/www/weedfs And Permissions ......
Check Directory /var/log/sweed And Permissions ......
cp /usr/local/sunlight/weed exec file ......
get server_ip : 192.168.88.105
get init_weed_str : nohup /usr/local/sunlight/weed -log_dir=/var/log/sweed/ server -ip 192.168.88.105 -master.port=9333 -master.defaultReplicaPlacement=001 -dir=/var/www/weedfs -volume.port=8180 -volume.max=10 -master.peers=192.168.88.103:9333,192.168.88.104:9333
Check File /usr/local/sunlight/proc_list
get weed_smon_init_str : root /usr/local/sunlight/weed /usr/local/sunlight/weed -log_dir=/var/log/sweed/ server -ip 192.168.88.105 -master.port=9333 -master.defaultReplicaPlacement=001 -dir=/var/www/weedfs -volume.port=8180 -volume.max=10 -master.peers=192.168.88.103:9333,192.168.88.104:9333
Restarted Smon ......
OK! Seaweedfs Is Running

